[debug] [2017-12-29T21:35:45.128Z] ----------------------------------------------------------------------
[debug] [2017-12-29T21:35:45.129Z] Command:       /usr/local/bin/node /usr/local/bin/firebase deploy
[debug] [2017-12-29T21:35:45.129Z] CLI Version:   3.14.0
[debug] [2017-12-29T21:35:45.129Z] Platform:      darwin
[debug] [2017-12-29T21:35:45.129Z] Node Version:  v8.4.0
[debug] [2017-12-29T21:35:45.130Z] Time:          Fri Dec 29 2017 15:35:45 GMT-0600 (CST)
[debug] [2017-12-29T21:35:45.130Z] ----------------------------------------------------------------------
[debug] 
[debug] [2017-12-29T21:35:45.138Z] > command requires scopes: ["email","openid","https://www.googleapis.com/auth/cloudplatformprojects.readonly","https://www.googleapis.com/auth/firebase","https://www.googleapis.com/auth/cloud-platform"]
[debug] [2017-12-29T21:35:45.139Z] > authorizing via signed-in user
[debug] [2017-12-29T21:35:45.140Z] >>> HTTP REQUEST GET https://admin.firebase.com/v1/projects/shelbyrackleyportfolio  
 Fri Dec 29 2017 15:35:45 GMT-0600 (CST)
[debug] [2017-12-29T21:35:45.937Z] <<< HTTP RESPONSE 200
[debug] [2017-12-29T21:35:45.938Z] >>> HTTP REQUEST GET https://admin.firebase.com/v1/database/shelbyrackleyportfolio/tokens  
 Fri Dec 29 2017 15:35:45 GMT-0600 (CST)
[debug] [2017-12-29T21:35:46.340Z] <<< HTTP RESPONSE 200
[info] 1
[info] 
[info] === Deploying to 'shelbyrackleyportfolio'...
[info] 
[info] i  deploying hosting
[info] i  hosting: preparing build directory for upload...
[debug] [2017-12-29T21:35:47.176Z] >>> HTTP REQUEST PUT https://deploy.firebase.com/v1/hosting/shelbyrackleyportfolio/uploads/-L1ZBwsSHcZ7IKiNCrXt?fileCount=27&message=  
 Fri Dec 29 2017 15:35:47 GMT-0600 (CST)
